#-----------------------------------------------------------
# Vivado v2013.3 (64-bit)
# SW Build 329390 on Wed Oct 16 18:26:55 MDT 2013
# IP Build 192953 on Wed Oct 16 08:44:02 MDT 2013
# Start of session at: Tue Dec  3 10:58:06 2013
# Process ID: 25329
# Log file: /home/sanjayr/projects/KC705/git_test/HD_flow_vivado/dvi_video_KV705_LPC_FMC_Vivado_2013_3/PR_modules/PR_module_A_video_color_inv/vivado_hd_flow_batch/vivado.log
# Journal file: /home/sanjayr/projects/KC705/git_test/HD_flow_vivado/dvi_video_KV705_LPC_FMC_Vivado_2013_3/PR_modules/PR_module_A_video_color_inv/vivado_hd_flow_batch/vivado.jou
#-----------------------------------------------------------
INFO: [Common 17-78] Attempting to get a license: Implementation
INFO: [Common 17-81] Feature available: Implementation
INFO: [Device 21-36] Loading parts and site information from /home/applications/Xilinx/Vivado/2013.3/data/parts/arch.xml
Parsing RTL primitives file [/home/applications/Xilinx/Vivado/2013.3/data/parts/xilinx/rtl/prims/rtl_prims.xml]
Finished parsing RTL primitives file [/home/applications/Xilinx/Vivado/2013.3/data/parts/xilinx/rtl/prims/rtl_prims.xml]
start_gui
source vivado_batch.tcl
# set_param place.closeImportedSites 1
# set_param tcl.notrace 1
# set_param hd.visual 0
# set DEVICE xc7k325tffg900-2
# create_project -in_memory -part $DEVICE
# read_vhdl -verbose {
# ../src/video_filter_PR.vhd
# }
# read_xdc ../../../src/xdc/U_PR_B_ooc_optimize.xdc
# set_property USED_IN {implementation out_of_context} [get_files ../../../src/xdc/U_PR_B_ooc_optimize.xdc]
# read_xdc ../../../src/xdc/U_PR_B_ooc_timing.xdc
# set_property USED_IN {implementation out_of_context} [get_files ../../../src/xdc/U_PR_B_ooc_timing.xdc]
# read_xdc ../../../src/xdc/U_PR_B_phys.xdc
# synth_design -mode out_of_context -top video_filter_PR -fanout_limit 100000 -part $DEVICE
Command: synth_design -mode out_of_context -top video_filter_PR -fanout_limit 100000 -part xc7k325tffg900-2

Starting synthesis...

INFO: [Common 17-347] Attempting to get a license for feature 'Synthesis' and/or device 'xc7k325t'
INFO: [Common 17-349] Got license for feature 'Synthesis' and/or device 'xc7k325t'
Starting RTL Elaboration : Time (s): cpu = 00:00:16 ; elapsed = 00:00:07 . Memory (MB): peak = 4562.410 ; gain = 3865.633
INFO: [Synth 8-638] synthesizing module 'video_filter_PR' [/home/sanjayr/projects/KC705/git_test/HD_flow_vivado/dvi_video_KV705_LPC_FMC_Vivado_2013_3/PR_modules/PR_module_A_video_color_inv/src/video_filter_PR.vhd:23]
INFO: [Synth 8-256] done synthesizing module 'video_filter_PR' (1#1) [/home/sanjayr/projects/KC705/git_test/HD_flow_vivado/dvi_video_KV705_LPC_FMC_Vivado_2013_3/PR_modules/PR_module_A_video_color_inv/src/video_filter_PR.vhd:23]
WARNING: [Synth 8-3331] design video_filter_PR has unconnected port hsync_in
WARNING: [Synth 8-3331] design video_filter_PR has unconnected port vsync_in
Finished RTL Elaboration : Time (s): cpu = 00:00:17 ; elapsed = 00:00:07 . Memory (MB): peak = 4562.418 ; gain = 3865.641
Start RTL Optimization : Time (s): cpu = 00:00:17 ; elapsed = 00:00:07 . Memory (MB): peak = 4562.418 ; gain = 3865.641

Report Check Netlist: 
+------+------------------+-------+---------+-------+------------------+
|      |Item              |Errors |Warnings |Status |Description       |
+------+------------------+-------+---------+-------+------------------+
|1     |multi_driven_nets |      0|        0|Passed |Multi driven nets |
+------+------------------+-------+---------+-------+------------------+
Loading clock regions from /home/applications/Xilinx/Vivado/2013.3/data/parts/xilinx/kintex7/kintex7/xc7k325t/ClockRegion.xml
Loading clock buffers from /home/applications/Xilinx/Vivado/2013.3/data/parts/xilinx/kintex7/kintex7/xc7k325t/ClockBuffers.xml
Loading clock placement rules from /home/applications/Xilinx/Vivado/2013.3/data/parts/xilinx/kintex7/ClockPlacerRules.xml
Loading package pin functions from /home/applications/Xilinx/Vivado/2013.3/data/parts/xilinx/kintex7/PinFunctions.xml...
Loading package from /home/applications/Xilinx/Vivado/2013.3/data/parts/xilinx/kintex7/kintex7/xc7k325t/ffg900/Package.xml
Loading io standards from /home/applications/Xilinx/Vivado/2013.3/data/./parts/xilinx/kintex7/IOStandards.xml
Loading device configuration modes from /home/applications/Xilinx/Vivado/2013.3/data/parts/xilinx/kintex7/ConfigModes.xml
INFO: [Common 17-78] Attempting to get a license: Internal_bitstream
WARNING: [Common 17-301] Failed to get a license: Internal_bitstream

Processing XDC Constraints
Parsing XDC File [/home/sanjayr/projects/KC705/git_test/HD_flow_vivado/dvi_video_KV705_LPC_FMC_Vivado_2013_3/src/xdc/U_PR_B_phys.xdc]
WARNING: [Vivado 12-2274] Port hsync_in does not connect to any net. [/home/sanjayr/projects/KC705/git_test/HD_flow_vivado/dvi_video_KV705_LPC_FMC_Vivado_2013_3/src/xdc/U_PR_B_phys.xdc:18]
WARNING: [Vivado 12-2274] Port vsync_in does not connect to any net. [/home/sanjayr/projects/KC705/git_test/HD_flow_vivado/dvi_video_KV705_LPC_FMC_Vivado_2013_3/src/xdc/U_PR_B_phys.xdc:19]
Finished Parsing XDC File [/home/sanjayr/projects/KC705/git_test/HD_flow_vivado/dvi_video_KV705_LPC_FMC_Vivado_2013_3/src/xdc/U_PR_B_phys.xdc]
INFO: [Project 1-236] Implementation specific constraints were found while reading constraint file [/home/sanjayr/projects/KC705/git_test/HD_flow_vivado/dvi_video_KV705_LPC_FMC_Vivado_2013_3/src/xdc/U_PR_B_phys.xdc]. These constraints will be ignored for synthesis but will be used in implementation. Impacted constraints are listed in the file [/home/sanjayr/projects/KC705/git_test/HD_flow_vivado/dvi_video_KV705_LPC_FMC_Vivado_2013_3/PR_modules/PR_module_A_video_color_inv/vivado_hd_flow_batch/.Xil/video_filter_PR_propImpl.xdc].
Resolution: To avoid this warning, exclude constraints listed in [/home/sanjayr/projects/KC705/git_test/HD_flow_vivado/dvi_video_KV705_LPC_FMC_Vivado_2013_3/PR_modules/PR_module_A_video_color_inv/vivado_hd_flow_batch/.Xil/video_filter_PR_propImpl.xdc] from synthesis with the used_in_synthesis property (File Properties dialog in GUI) and re-run elaboration/synthesis.
Completed Processing XDC Constraints

INFO: [Project 1-111] Unisim Transformation Summary:
No Unisim elements were transformed.

Start RTL Optimization : Time (s): cpu = 00:00:53 ; elapsed = 00:00:25 . Memory (MB): peak = 5226.582 ; gain = 4529.805

---------------------------------------------------------------------------------
Start Applying 'set_property' XDC Constraints
---------------------------------------------------------------------------------
---------------------------------------------------------------------------------
Finished applying 'set_property' XDC Constraints : Time (s): cpu = 00:00:53 ; elapsed = 00:00:25 . Memory (MB): peak = 5226.586 ; gain = 4529.809
---------------------------------------------------------------------------------

---------------------------------------------------------------------------------
Finished RTL Optimization : Time (s): cpu = 00:00:53 ; elapsed = 00:00:25 . Memory (MB): peak = 5226.586 ; gain = 4529.809
---------------------------------------------------------------------------------


Report RTL Partitions: 
+-+--------------+------------+----------+
| |RTL Partition |Replication |Instances |
+-+--------------+------------+----------+
+-+--------------+------------+----------+

---------------------------------------------------------------------------------
Start Loading Part and Timing Information
---------------------------------------------------------------------------------
Loading part: xc7k325tffg900-2
Part Resources:
DSPs: 840 (col length:140)
BRAMs: 890 (col length: RAMB8 0 RAMB16 0 RAMB18 140 RAMB36 70)
---------------------------------------------------------------------------------
Finished Loading Part and Timing Information : Time (s): cpu = 00:01:00 ; elapsed = 00:00:32 . Memory (MB): peak = 5226.586 ; gain = 4529.809
---------------------------------------------------------------------------------


---------------------------------------------------------------------------------
Start RTL Component Statistics 
---------------------------------------------------------------------------------
Detailed RTL Component Info : 
+---Registers : 
	                8 Bit    Registers := 9     

---------------------------------------------------------------------------------
Finished RTL Component Statistics 
---------------------------------------------------------------------------------

---------------------------------------------------------------------------------
Start RTL Hierarchical Component Statistics 
---------------------------------------------------------------------------------
Hierarchical RTL Component report 
Module video_filter_PR 
Detailed RTL Component Info : 
+---Registers : 
	                8 Bit    Registers := 9     

---------------------------------------------------------------------------------
Finished RTL Hierarchical Component Statistics
---------------------------------------------------------------------------------

---------------------------------------------------------------------------------
Start Cross Boundary Optimization
---------------------------------------------------------------------------------
WARNING: [Synth 8-3331] design video_filter_PR has unconnected port hsync_in
WARNING: [Synth 8-3331] design video_filter_PR has unconnected port vsync_in
---------------------------------------------------------------------------------
Finished Cross Boundary Optimization : Time (s): cpu = 00:01:00 ; elapsed = 00:00:32 . Memory (MB): peak = 5226.586 ; gain = 4529.809
---------------------------------------------------------------------------------

---------------------------------------------------------------------------------
Start RAM, DSP and Shift Register Reporting
---------------------------------------------------------------------------------
---------------------------------------------------------------------------------
Finished RAM, DSP and Shift Register Reporting
---------------------------------------------------------------------------------

---------------------------------------------------------------------------------
Start Area Optimization
---------------------------------------------------------------------------------
---------------------------------------------------------------------------------
Finished Area Optimization : Time (s): cpu = 00:01:00 ; elapsed = 00:00:32 . Memory (MB): peak = 5226.586 ; gain = 4529.809
---------------------------------------------------------------------------------


---------------------------------------------------------------------------------
Start Timing Optimization
---------------------------------------------------------------------------------

---------------------------------------------------------------------------------
Start Applying XDC Timing Constraints
---------------------------------------------------------------------------------
---------------------------------------------------------------------------------
Finished Applying XDC Timing Constraints : Time (s): cpu = 00:01:00 ; elapsed = 00:00:32 . Memory (MB): peak = 5226.586 ; gain = 4529.809
---------------------------------------------------------------------------------

---------------------------------------------------------------------------------
Finished Timing Optimization : Time (s): cpu = 00:01:00 ; elapsed = 00:00:32 . Memory (MB): peak = 5226.586 ; gain = 4529.809
---------------------------------------------------------------------------------


---------------------------------------------------------------------------------
Start Technology Mapping
---------------------------------------------------------------------------------
---------------------------------------------------------------------------------
Finished Technology Mapping : Time (s): cpu = 00:01:00 ; elapsed = 00:00:32 . Memory (MB): peak = 5226.586 ; gain = 4529.809
---------------------------------------------------------------------------------


---------------------------------------------------------------------------------
Start IO Insertion
---------------------------------------------------------------------------------

---------------------------------------------------------------------------------
Start Flattening Before IO Insertion
---------------------------------------------------------------------------------

---------------------------------------------------------------------------------
Finished Flattening Before IO Insertion
---------------------------------------------------------------------------------

---------------------------------------------------------------------------------
Start Final Netlist Cleanup
---------------------------------------------------------------------------------

---------------------------------------------------------------------------------
Finished Final Netlist Cleanup
---------------------------------------------------------------------------------
---------------------------------------------------------------------------------
Finished IO Insertion : Time (s): cpu = 00:01:00 ; elapsed = 00:00:32 . Memory (MB): peak = 5226.586 ; gain = 4529.809
---------------------------------------------------------------------------------


Report Check Netlist: 
+------+------------------+-------+---------+-------+------------------+
|      |Item              |Errors |Warnings |Status |Description       |
+------+------------------+-------+---------+-------+------------------+
|1     |multi_driven_nets |      0|        0|Passed |Multi driven nets |
+------+------------------+-------+---------+-------+------------------+

---------------------------------------------------------------------------------
Start Renaming Generated Instances
---------------------------------------------------------------------------------
---------------------------------------------------------------------------------
Finished Renaming Generated Instances : Time (s): cpu = 00:01:00 ; elapsed = 00:00:32 . Memory (MB): peak = 5226.586 ; gain = 4529.809
---------------------------------------------------------------------------------


---------------------------------------------------------------------------------
Start Rebuilding User Hierarchy
---------------------------------------------------------------------------------
---------------------------------------------------------------------------------
Finished Rebuilding User Hierarchy : Time (s): cpu = 00:01:00 ; elapsed = 00:00:32 . Memory (MB): peak = 5226.586 ; gain = 4529.809
---------------------------------------------------------------------------------

---------------------------------------------------------------------------------
Start RAM, DSP and Shift Register Reporting
---------------------------------------------------------------------------------
---------------------------------------------------------------------------------
Finished RAM, DSP and Shift Register Reporting
---------------------------------------------------------------------------------

---------------------------------------------------------------------------------
Start Writing Synthesis Report
---------------------------------------------------------------------------------

Report BlackBoxes: 
+-+--------------+----------+
| |BlackBox name |Instances |
+-+--------------+----------+
+-+--------------+----------+

Report Cell Usage: 
+------+-----+------+
|      |Cell |Count |
+------+-----+------+
|1     |LUT1 |    24|
|2     |FDRE |    72|
+------+-----+------+

Report Instance Areas: 
+------+---------+-------+------+
|      |Instance |Module |Cells |
+------+---------+-------+------+
|1     |top      |       |    96|
+------+---------+-------+------+
---------------------------------------------------------------------------------
Finished Writing Synthesis Report : Time (s): cpu = 00:01:00 ; elapsed = 00:00:32 . Memory (MB): peak = 5226.586 ; gain = 4529.809
---------------------------------------------------------------------------------

Synthesis finished with 0 errors, 0 critical warnings and 2 warnings.
Synthesis Optimization Complete : Time (s): cpu = 00:01:00 ; elapsed = 00:00:32 . Memory (MB): peak = 5226.586 ; gain = 4529.809
INFO: [Opt 31-138] Pushed 0 inverter(s).
Parsing XDC File [/home/sanjayr/projects/KC705/git_test/HD_flow_vivado/dvi_video_KV705_LPC_FMC_Vivado_2013_3/src/xdc/U_PR_B_ooc_optimize.xdc]
Finished Parsing XDC File [/home/sanjayr/projects/KC705/git_test/HD_flow_vivado/dvi_video_KV705_LPC_FMC_Vivado_2013_3/src/xdc/U_PR_B_ooc_optimize.xdc]
Parsing XDC File [/home/sanjayr/projects/KC705/git_test/HD_flow_vivado/dvi_video_KV705_LPC_FMC_Vivado_2013_3/src/xdc/U_PR_B_ooc_timing.xdc]
Finished Parsing XDC File [/home/sanjayr/projects/KC705/git_test/HD_flow_vivado/dvi_video_KV705_LPC_FMC_Vivado_2013_3/src/xdc/U_PR_B_ooc_timing.xdc]
Parsing XDC File [/home/sanjayr/projects/KC705/git_test/HD_flow_vivado/dvi_video_KV705_LPC_FMC_Vivado_2013_3/src/xdc/U_PR_B_phys.xdc]
WARNING: [Vivado 12-2274] Port hsync_in does not connect to any net. [/home/sanjayr/projects/KC705/git_test/HD_flow_vivado/dvi_video_KV705_LPC_FMC_Vivado_2013_3/src/xdc/U_PR_B_phys.xdc:18]
WARNING: [Vivado 12-2274] Port vsync_in does not connect to any net. [/home/sanjayr/projects/KC705/git_test/HD_flow_vivado/dvi_video_KV705_LPC_FMC_Vivado_2013_3/src/xdc/U_PR_B_phys.xdc:19]
Finished Parsing XDC File [/home/sanjayr/projects/KC705/git_test/HD_flow_vivado/dvi_video_KV705_LPC_FMC_Vivado_2013_3/src/xdc/U_PR_B_phys.xdc]
INFO: [Project 1-111] Unisim Transformation Summary:
No Unisim elements were transformed.

INFO: [Common 17-83] Releasing license: Synthesis
10 Infos, 9 Warnings, 0 Critical Warnings and 0 Errors encountered.
synth_design completed successfully
synth_design: Time (s): cpu = 00:01:07 ; elapsed = 00:00:38 . Memory (MB): peak = 5446.461 ; gain = 906.664
# set_property HD.PARTITION 1 [current_design]
# report_drc -ruledeck methodology_checks -name video_filter_PR -file ./video_filter_PR_drc_methodology_checks.rpt
INFO: [Drc 23-27] Running DRC with 8 threads
INFO: [Coretcl 2-168] The results of DRC are in file /home/sanjayr/projects/KC705/git_test/HD_flow_vivado/dvi_video_KV705_LPC_FMC_Vivado_2013_3/PR_modules/PR_module_A_video_color_inv/vivado_hd_flow_batch/video_filter_PR_drc_methodology_checks.rpt.
# report_drc -ruledeck timing_checks -name video_filter_PR -file ./video_filter_PR_drc_timing_checks.rpt
INFO: [Timing 38-35] Done setting XDC timing constraints.
INFO: [Drc 23-27] Running DRC with 8 threads
INFO: [Coretcl 2-168] The results of DRC are in file /home/sanjayr/projects/KC705/git_test/HD_flow_vivado/dvi_video_KV705_LPC_FMC_Vivado_2013_3/PR_modules/PR_module_A_video_color_inv/vivado_hd_flow_batch/video_filter_PR_drc_timing_checks.rpt.
# ::debug::gen_hd_timing_constraints -percent 50 -file ../src/xdc/U_PR_ooc_budget.xdc
# read_xdc -mode out_of_context ../src/xdc/U_PR_ooc_budget.xdc
Parsing XDC File [/home/sanjayr/projects/KC705/git_test/HD_flow_vivado/dvi_video_KV705_LPC_FMC_Vivado_2013_3/PR_modules/PR_module_A_video_color_inv/src/xdc/U_PR_ooc_budget.xdc]
Finished Parsing XDC File [/home/sanjayr/projects/KC705/git_test/HD_flow_vivado/dvi_video_KV705_LPC_FMC_Vivado_2013_3/PR_modules/PR_module_A_video_color_inv/src/xdc/U_PR_ooc_budget.xdc]
# opt_design
Command: opt_design
INFO: [Common 17-347] Attempting to get a license for feature 'Implementation' and/or device 'xc7k325t'
INFO: [Common 17-349] Got license for feature 'Implementation' and/or device 'xc7k325t'
Running DRC as a precondition to command opt_design

Starting DRC Task
INFO: [Drc 23-27] Running DRC with 8 threads
INFO: [Project 1-461] DRC finished with 0 Errors
INFO: [Project 1-462] Please refer to the DRC report (report_drc) for more information.

Time (s): cpu = 00:00:00.29 ; elapsed = 00:00:00.09 . Memory (MB): peak = 5528.504 ; gain = 0.000

Starting Logic Optimization Task
Logic Optimization | Checksum: 384eb6f4
INFO: [Timing 38-35] Done setting XDC timing constraints.

Phase 1 Retarget
INFO: [Opt 31-138] Pushed 0 inverter(s).
INFO: [Opt 31-49] Retargeted 0 cell(s).
Phase 1 Retarget | Checksum: 384eb6f4

Time (s): cpu = 00:00:00.06 ; elapsed = 00:00:00.03 . Memory (MB): peak = 5528.504 ; gain = 0.000

Phase 2 Constant Propagation
INFO: [Opt 31-138] Pushed 0 inverter(s).
INFO: [Opt 31-10] Eliminated 0 cells.
Phase 2 Constant Propagation | Checksum: 384eb6f4

Time (s): cpu = 00:00:00.07 ; elapsed = 00:00:00.04 . Memory (MB): peak = 5528.504 ; gain = 0.000

Phase 3 Sweep
INFO: [Opt 31-12] Eliminated 0 unconnected nets.
INFO: [Opt 31-11] Eliminated 0 unconnected cells.
Phase 3 Sweep | Checksum: 384eb6f4

Time (s): cpu = 00:00:00.08 ; elapsed = 00:00:00.04 . Memory (MB): peak = 5528.504 ; gain = 0.000
Ending Logic Optimization Task | Checksum: 384eb6f4

Time (s): cpu = 00:00:00.08 ; elapsed = 00:00:00.05 . Memory (MB): peak = 5528.504 ; gain = 0.000
Implement Debug Cores | Checksum: 384eb6f4

Starting Power Optimization Task
Ending Power Optimization Task | Checksum: 384eb6f4

Time (s): cpu = 00:00:00 ; elapsed = 00:00:00 . Memory (MB): peak = 5528.504 ; gain = 0.000
INFO: [Common 17-83] Releasing license: Implementation
13 Infos, 0 Warnings, 0 Critical Warnings and 0 Errors encountered.
opt_design completed successfully
# place_design
Command: place_design
INFO: [Common 17-347] Attempting to get a license for feature 'Implementation' and/or device 'xc7k325t'
INFO: [Common 17-349] Got license for feature 'Implementation' and/or device 'xc7k325t'
Running DRC as a precondition to command place_design
INFO: [Drc 23-27] Running DRC with 8 threads
INFO: [Vivado_Tcl 4-198] DRC finished with 0 Errors
INFO: [Vivado_Tcl 4-199] Please refer to the DRC report (report_drc) for more information.

Starting Placer Task
INFO: [Place 30-611] Multithreading enabled for place_design using a maximum of 4 CPUs

Phase 1 Placer Initialization
Netlist sorting complete. Time (s): cpu = 00:00:00 ; elapsed = 00:00:00 . Memory (MB): peak = 5528.504 ; gain = 0.000

Phase 1.1 Mandatory Logic Optimization
INFO: [Opt 31-138] Pushed 0 inverter(s).
Netlist sorting complete. Time (s): cpu = 00:00:00 ; elapsed = 00:00:00 . Memory (MB): peak = 5528.504 ; gain = 0.000
Phase 1.1 Mandatory Logic Optimization | Checksum: 99f8b879

Time (s): cpu = 00:00:00.03 ; elapsed = 00:00:00.03 . Memory (MB): peak = 5528.504 ; gain = 0.000

Phase 1.2 Build Super Logic Region (SLR) Database
Phase 1.2 Build Super Logic Region (SLR) Database | Checksum: 99f8b879

Time (s): cpu = 00:00:00.06 ; elapsed = 00:00:00.05 . Memory (MB): peak = 5528.504 ; gain = 0.000

Phase 1.3 Add Constraints
Phase 1.3 Add Constraints | Checksum: cc8cf5e0

Time (s): cpu = 00:00:00.06 ; elapsed = 00:00:00.05 . Memory (MB): peak = 5528.504 ; gain = 0.000

Phase 1.4 Build Macros
Phase 1.4 Build Macros | Checksum: a83256a3

Time (s): cpu = 00:00:00.08 ; elapsed = 00:00:00.07 . Memory (MB): peak = 5528.504 ; gain = 0.000

Phase 1.5 Routing Based Site Exclusion
Phase 1.5 Routing Based Site Exclusion | Checksum: a83256a3

Time (s): cpu = 00:00:00.08 ; elapsed = 00:00:00.07 . Memory (MB): peak = 5528.504 ; gain = 0.000

Phase 1.6 Implementation Feasibility check
Phase 1.6 Implementation Feasibility check | Checksum: a83256a3

Time (s): cpu = 00:00:00.11 ; elapsed = 00:00:00.10 . Memory (MB): peak = 5528.504 ; gain = 0.000

Phase 1.7 Pre-Place Cells
Phase 1.7 Pre-Place Cells | Checksum: a83256a3

Time (s): cpu = 00:00:00.11 ; elapsed = 00:00:00.11 . Memory (MB): peak = 5528.504 ; gain = 0.000

Phase 1.8 IO Placement/ Clock Placement/ Build Placer Device
INFO: [Timing 38-35] Done setting XDC timing constraints.
Phase 1.8 IO Placement/ Clock Placement/ Build Placer Device | Checksum: a83256a3

Time (s): cpu = 00:00:01 ; elapsed = 00:00:00.55 . Memory (MB): peak = 5558.508 ; gain = 30.004

Phase 1.9 Build Placer Netlist Model

Phase 1.9.1 Place Init Design

Phase 1.9.1.1 Build Clock Data
Phase 1.9.1.1 Build Clock Data | Checksum: 355909d5

Time (s): cpu = 00:00:02 ; elapsed = 00:00:00.61 . Memory (MB): peak = 5558.508 ; gain = 30.004
Phase 1.9.1 Place Init Design | Checksum: d1b2300b

Time (s): cpu = 00:00:02 ; elapsed = 00:00:00.63 . Memory (MB): peak = 5558.508 ; gain = 30.004
Phase 1.9 Build Placer Netlist Model | Checksum: d1b2300b

Time (s): cpu = 00:00:02 ; elapsed = 00:00:00.63 . Memory (MB): peak = 5558.508 ; gain = 30.004

Phase 1.10 Constrain Clocks/Macros

Phase 1.10.1 Constrain Global/Regional Clocks
Phase 1.10.1 Constrain Global/Regional Clocks | Checksum: d1b2300b

Time (s): cpu = 00:00:02 ; elapsed = 00:00:00.64 . Memory (MB): peak = 5558.508 ; gain = 30.004
Phase 1.10 Constrain Clocks/Macros | Checksum: 82c8fda8

Time (s): cpu = 00:00:02 ; elapsed = 00:00:00.64 . Memory (MB): peak = 5558.508 ; gain = 30.004

Phase 1.11 Place HD PartPins

Phase 1.11.1 Place OOC PartPins
Phase 1.11.1 Place OOC PartPins | Checksum: ffffffffe2322bcc

Time (s): cpu = 00:00:02 ; elapsed = 00:00:00.64 . Memory (MB): peak = 5558.508 ; gain = 30.004

Phase 1.11.2 Constrain UC2 PartPins
Phase 1.11.2 Constrain UC2 PartPins | Checksum: ffffffffe2322bcc

Time (s): cpu = 00:00:02 ; elapsed = 00:00:00.65 . Memory (MB): peak = 5558.508 ; gain = 30.004
Phase 1.11 Place HD PartPins | Checksum: ffffffffe2322bcc

Time (s): cpu = 00:00:02 ; elapsed = 00:00:00.65 . Memory (MB): peak = 5558.508 ; gain = 30.004
Phase 1 Placer Initialization | Checksum: ffffffffe2322bcc

Time (s): cpu = 00:00:02 ; elapsed = 00:00:00.65 . Memory (MB): peak = 5558.508 ; gain = 30.004

Phase 2 Global Placement

Phase 2.1 Run Budgeter
Phase 2.1 Run Budgeter | Checksum: 0f63bae2

Time (s): cpu = 00:00:02 ; elapsed = 00:00:01 . Memory (MB): peak = 5558.508 ; gain = 30.004
Phase 2 Global Placement | Checksum: ca517774

Time (s): cpu = 00:00:04 ; elapsed = 00:00:02 . Memory (MB): peak = 5558.508 ; gain = 30.004

Phase 3 Detail Placement

Phase 3.1 Commit Multi Column Macros
Phase 3.1 Commit Multi Column Macros | Checksum: ca517774

Time (s): cpu = 00:00:04 ; elapsed = 00:00:02 . Memory (MB): peak = 5558.508 ; gain = 30.004

Phase 3.2 Commit Most Macros & LUTRAMs
Phase 3.2 Commit Most Macros & LUTRAMs | Checksum: 86d49222

Time (s): cpu = 00:00:04 ; elapsed = 00:00:02 . Memory (MB): peak = 5558.508 ; gain = 30.004

Phase 3.3 Area Swap Optimization
Phase 3.3 Area Swap Optimization | Checksum: 422f6543

Time (s): cpu = 00:00:04 ; elapsed = 00:00:02 . Memory (MB): peak = 5558.508 ; gain = 30.004

Phase 3.4 Timing Path Optimizer
Phase 3.4 Timing Path Optimizer | Checksum: c4cf0aac

Time (s): cpu = 00:00:04 ; elapsed = 00:00:02 . Memory (MB): peak = 5558.508 ; gain = 30.004

Phase 3.5 Commit Small Macros & Core Logic
Phase 3.5 Commit Small Macros & Core Logic | Checksum: 08ee73be

Time (s): cpu = 00:00:04 ; elapsed = 00:00:02 . Memory (MB): peak = 5597.605 ; gain = 69.102

Phase 3.6 Re-assign LUT pins
Phase 3.6 Re-assign LUT pins | Checksum: 08ee73be

Time (s): cpu = 00:00:04 ; elapsed = 00:00:02 . Memory (MB): peak = 5597.605 ; gain = 69.102
Phase 3 Detail Placement | Checksum: 08ee73be

Time (s): cpu = 00:00:04 ; elapsed = 00:00:02 . Memory (MB): peak = 5597.605 ; gain = 69.102

Phase 4 Post Placement Optimization and Clean-Up

Phase 4.1 Post Placement Timing Optimization
Phase 4.1 Post Placement Timing Optimization | Checksum: b08cf4eb

Time (s): cpu = 00:00:05 ; elapsed = 00:00:02 . Memory (MB): peak = 5597.605 ; gain = 69.102

Phase 4.2 Post Placement Cleanup
Phase 4.2 Post Placement Cleanup | Checksum: b08cf4eb

Time (s): cpu = 00:00:05 ; elapsed = 00:00:02 . Memory (MB): peak = 5597.605 ; gain = 69.102

Phase 4.3 Placer Reporting

Phase 4.3.1 Congestion Reporting
Phase 4.3.1 Congestion Reporting | Checksum: b08cf4eb

Time (s): cpu = 00:00:05 ; elapsed = 00:00:02 . Memory (MB): peak = 5597.605 ; gain = 69.102

Phase 4.3.2 updateTiming final
Phase 4.3.2 updateTiming final | Checksum: b2e6c67c

Time (s): cpu = 00:00:05 ; elapsed = 00:00:02 . Memory (MB): peak = 5597.605 ; gain = 69.102

Phase 4.3.3 Dump Critical Paths 
Phase 4.3.3 Dump Critical Paths  | Checksum: b2e6c67c

Time (s): cpu = 00:00:05 ; elapsed = 00:00:02 . Memory (MB): peak = 5597.605 ; gain = 69.102

Phase 4.3.4 Restore STA
Phase 4.3.4 Restore STA | Checksum: b2e6c67c

Time (s): cpu = 00:00:05 ; elapsed = 00:00:02 . Memory (MB): peak = 5597.605 ; gain = 69.102

Phase 4.3.5 Print Final WNS
INFO: [Place 30-100] Post Placement Timing Summary | WNS=1.973  | TNS=0.000  |

Phase 4.3.5 Print Final WNS | Checksum: b2e6c67c

Time (s): cpu = 00:00:05 ; elapsed = 00:00:02 . Memory (MB): peak = 5597.605 ; gain = 69.102
Phase 4.3 Placer Reporting | Checksum: b2e6c67c

Time (s): cpu = 00:00:05 ; elapsed = 00:00:02 . Memory (MB): peak = 5597.605 ; gain = 69.102

Phase 4.4 Final Placement Cleanup
Phase 4.4 Final Placement Cleanup | Checksum: d74165b9

Time (s): cpu = 00:00:05 ; elapsed = 00:00:02 . Memory (MB): peak = 5597.605 ; gain = 69.102
Phase 4 Post Placement Optimization and Clean-Up | Checksum: d74165b9

Time (s): cpu = 00:00:05 ; elapsed = 00:00:02 . Memory (MB): peak = 5597.605 ; gain = 69.102
Ending Placer Task | Checksum: 94ce2c6d

Time (s): cpu = 00:00:05 ; elapsed = 00:00:02 . Memory (MB): peak = 5597.605 ; gain = 69.102
INFO: [Common 17-83] Releasing license: Implementation
10 Infos, 0 Warnings, 0 Critical Warnings and 0 Errors encountered.
place_design completed successfully
place_design: Time (s): cpu = 00:00:17 ; elapsed = 00:00:06 . Memory (MB): peak = 5618.531 ; gain = 90.027
# route_design
Command: route_design
INFO: [Common 17-347] Attempting to get a license for feature 'Implementation' and/or device 'xc7k325t'
INFO: [Common 17-349] Got license for feature 'Implementation' and/or device 'xc7k325t'
Running DRC as a precondition to command route_design
INFO: [Drc 23-27] Running DRC with 8 threads
INFO: [Vivado_Tcl 4-198] DRC finished with 0 Errors
INFO: [Vivado_Tcl 4-199] Please refer to the DRC report (report_drc) for more information.


Starting Routing Task
INFO: [Route 35-254] Multithreading enabled for route_design using a maximum of 4 CPUs

Starting Route Task

Phase 1 Build RT Design

Phase 1.1 Build Netlist & NodeGraph (MT)
Phase 1.1 Build Netlist & NodeGraph (MT) | Checksum: b1232169

Time (s): cpu = 00:00:46 ; elapsed = 00:00:33 . Memory (MB): peak = 5754.613 ; gain = 119.262
Phase 1 Build RT Design | Checksum: 1931dae32

Time (s): cpu = 00:00:46 ; elapsed = 00:00:33 . Memory (MB): peak = 5754.613 ; gain = 119.262

Phase 2 Router Initialization

Phase 2.1 Create Timer
Phase 2.1 Create Timer | Checksum: 1931dae32

Time (s): cpu = 00:00:47 ; elapsed = 00:00:33 . Memory (MB): peak = 5754.617 ; gain = 119.266

Phase 2.2 Restore Routing
Phase 2.2 Restore Routing | Checksum: 1931dae32

Time (s): cpu = 00:00:47 ; elapsed = 00:00:33 . Memory (MB): peak = 5763.613 ; gain = 128.262

Phase 2.3 Special Net Routing
Phase 2.3 Special Net Routing | Checksum: 1931dae32

Time (s): cpu = 00:00:47 ; elapsed = 00:00:33 . Memory (MB): peak = 5765.613 ; gain = 130.262

Phase 2.4 Local Clock Net Routing
Phase 2.4 Local Clock Net Routing | Checksum: 1931dae32

Time (s): cpu = 00:00:47 ; elapsed = 00:00:33 . Memory (MB): peak = 5765.613 ; gain = 130.262

Phase 2.5 Update Timing

Phase 2.5.1 Update timing with NCN CRPR

Phase 2.5.1.1 Hold Budgeting
Phase 2.5.1.1 Hold Budgeting | Checksum: 1931dae32

Time (s): cpu = 00:00:47 ; elapsed = 00:00:33 . Memory (MB): peak = 5765.613 ; gain = 130.262
Phase 2.5.1 Update timing with NCN CRPR | Checksum: 1931dae32

Time (s): cpu = 00:00:47 ; elapsed = 00:00:33 . Memory (MB): peak = 5765.613 ; gain = 130.262
Phase 2.5 Update Timing | Checksum: 1931dae32

Time (s): cpu = 00:00:47 ; elapsed = 00:00:33 . Memory (MB): peak = 5765.613 ; gain = 130.262
INFO: [Route 35-57] Estimated Timing Summary | WNS=2.02   | TNS=0      | WHS=-0.158 | THS=-4.71  |


Phase 2.6 Budgeting
Phase 2.6 Budgeting | Checksum: 1931dae32

Time (s): cpu = 00:00:47 ; elapsed = 00:00:33 . Memory (MB): peak = 5765.613 ; gain = 130.262
Phase 2 Router Initialization | Checksum: 1931dae32

Time (s): cpu = 00:00:47 ; elapsed = 00:00:33 . Memory (MB): peak = 5765.613 ; gain = 130.262

Phase 3 Initial Routing
Phase 3 Initial Routing | Checksum: 1267e4f7e

Time (s): cpu = 00:00:47 ; elapsed = 00:00:33 . Memory (MB): peak = 5770.613 ; gain = 135.262

Phase 4 Rip-up And Reroute

Phase 4.1 Global Iteration 0

Phase 4.1.1 Remove Overlaps
 Number of Nodes with overlaps = 0
Phase 4.1.1 Remove Overlaps | Checksum: 115da9f37

Time (s): cpu = 00:00:47 ; elapsed = 00:00:33 . Memory (MB): peak = 5771.613 ; gain = 136.262

Phase 4.1.2 Update Timing
Phase 4.1.2 Update Timing | Checksum: 115da9f37

Time (s): cpu = 00:00:47 ; elapsed = 00:00:33 . Memory (MB): peak = 5773.613 ; gain = 138.262
INFO: [Route 35-57] Estimated Timing Summary | WNS=2.02   | TNS=0      | WHS=N/A    | THS=N/A    |


Phase 4.1.3 collectNewHoldAndFix
Phase 4.1.3 collectNewHoldAndFix | Checksum: 115da9f37

Time (s): cpu = 00:00:47 ; elapsed = 00:00:33 . Memory (MB): peak = 5773.613 ; gain = 138.262
Phase 4.1 Global Iteration 0 | Checksum: 115da9f37

Time (s): cpu = 00:00:47 ; elapsed = 00:00:33 . Memory (MB): peak = 5773.613 ; gain = 138.262
Phase 4 Rip-up And Reroute | Checksum: 115da9f37

Time (s): cpu = 00:00:47 ; elapsed = 00:00:33 . Memory (MB): peak = 5773.613 ; gain = 138.262

Phase 5 Delay CleanUp

Phase 5.1 Update Timing
Phase 5.1 Update Timing | Checksum: 115da9f37

Time (s): cpu = 00:00:47 ; elapsed = 00:00:33 . Memory (MB): peak = 5773.613 ; gain = 138.262
INFO: [Route 35-57] Estimated Timing Summary | WNS=2.02   | TNS=0      | WHS=N/A    | THS=N/A    |

Phase 5 Delay CleanUp | Checksum: 115da9f37

Time (s): cpu = 00:00:47 ; elapsed = 00:00:33 . Memory (MB): peak = 5773.613 ; gain = 138.262

Phase 6 Post Hold Fix

Phase 6.1 Full Hold Analysis

Phase 6.1.1 Update Timing
Phase 6.1.1 Update Timing | Checksum: 115da9f37

Time (s): cpu = 00:00:47 ; elapsed = 00:00:33 . Memory (MB): peak = 5773.613 ; gain = 138.262
INFO: [Route 35-57] Estimated Timing Summary | WNS=2.02   | TNS=0      | WHS=0.103  | THS=0      |

Phase 6.1 Full Hold Analysis | Checksum: 115da9f37

Time (s): cpu = 00:00:47 ; elapsed = 00:00:33 . Memory (MB): peak = 5773.613 ; gain = 138.262
Phase 6 Post Hold Fix | Checksum: 115da9f37

Time (s): cpu = 00:00:47 ; elapsed = 00:00:33 . Memory (MB): peak = 5773.613 ; gain = 138.262

Router Utilization Summary
  Global Vertical Wire Utilization    = 0.00272398 %
  Global Horizontal Wire Utilization  = 0.002478 %
  Total Num Pips                      = 583
  Number of Failed Nets               = 0
  Number of Unrouted Nets             = 0
  Number of Partially Routed Nets     = 0
  Number of Node Overlaps             = 0


Phase 7 Verifying routed nets

 Verification completed successfully
Phase 7 Verifying routed nets | Checksum: 115da9f37

Time (s): cpu = 00:00:47 ; elapsed = 00:00:34 . Memory (MB): peak = 5773.613 ; gain = 138.262

Phase 8 Depositing Routes
Phase 8 Depositing Routes | Checksum: 1819d2919

Time (s): cpu = 00:00:47 ; elapsed = 00:00:34 . Memory (MB): peak = 5773.613 ; gain = 138.262

Phase 9 Post Router Timing
INFO: [Route 35-20] Post Routing Timing Summary | WNS=2.019  | TNS=0.000  | WHS=0.104  | THS=0.000  |

INFO: [Route 35-61] The design met the timing requirement.
Phase 9 Post Router Timing | Checksum: 1819d2919

Time (s): cpu = 00:00:48 ; elapsed = 00:00:34 . Memory (MB): peak = 5773.613 ; gain = 138.262
INFO: [Route 35-16] Router Completed Successfully
Ending Route Task | Checksum: 1819d2919

Time (s): cpu = 00:00:48 ; elapsed = 00:00:34 . Memory (MB): peak = 5773.613 ; gain = 138.262

Routing Is Done.

Time (s): cpu = 00:00:48 ; elapsed = 00:00:34 . Memory (MB): peak = 5773.613 ; gain = 138.262
INFO: [Common 17-83] Releasing license: Implementation
14 Infos, 0 Warnings, 0 Critical Warnings and 0 Errors encountered.
route_design completed successfully
route_design: Time (s): cpu = 00:00:48 ; elapsed = 00:00:34 . Memory (MB): peak = 5773.613 ; gain = 149.277
# write_checkpoint -force ./U_PR_route_design.dcp
Writing XDEF routing.
Writing XDEF routing logical nets.
Writing XDEF routing special nets.
Write XDEF Complete: Time (s): cpu = 00:00:00.09 ; elapsed = 00:00:00.04 . Memory (MB): peak = 5773.617 ; gain = 0.000
# report_timing_summary -delay_type min_max -report_unconstrained -check_timing_verbose -max_paths 10 -input_pins -name timing_1 -file ./U_PR_timing_summary.rpt
INFO: [Timing 38-91] UpdateTimingParams: Speed grade: -2, Delay Type: min_max, Constraints type: SDC.
INFO: [Timing 38-191] Multithreading enabled for timing update using a maximum of 8 CPUs
# report_timing -delay_type min_max -max_paths 10 -sort_by group -input_pins -name timing_2 -file ./U_PR_timing.rpt
INFO: [Timing 38-91] UpdateTimingParams: Speed grade: -2, Delay Type: min_max, Constraints type: SDC.
INFO: [Timing 38-191] Multithreading enabled for timing update using a maximum of 8 CPUs
INFO: [Timing 38-78] ReportTimingParams: -max_paths 10 -nworst 1 -delay_type min_max -sort_by group.
exit
INFO: [Common 17-206] Exiting Vivado at Tue Dec  3 10:59:43 2013...
